2024-06-06 10:14:12,425.smoker_producer.INFO ==================================================
2024-06-06 10:14:12,426.smoker_producer.INFO Today is 2024-06-06 at 10:14 AM
2024-06-06 10:14:12,426.smoker_producer.INFO Running on: nt Windows 10
2024-06-06 10:14:12,427.smoker_producer.INFO Python version:  3.11.9
2024-06-06 10:14:12,427.smoker_producer.INFO Python path: C:\Program Files\WindowsApps\PythonSoftwareFoundation.Python.3.11_3.11.2544.0_x64__qbz5n2kfra8p0
2024-06-06 10:14:12,427.smoker_producer.INFO Working dir: C:\Users\bambe\OneDrive\Documents\NMSU\44671_StreamingData\Module_6\44671_streaming-06-smart-smoker-consumer
2024-06-06 10:14:12,427.smoker_producer.INFO ==================================================
2024-06-06 10:14:12,464.smoker_producer.INFO Queue 'Smoker' declared.
2024-06-06 10:14:12,473.smoker_producer.INFO Queue 'Roast' declared.
2024-06-06 10:14:12,487.smoker_producer.INFO Queue 'Ribs' declared.
2024-06-06 10:14:12,500.smoker_producer.INFO  [x] Sent 'Time: 5/22/2024 12:20, Smoker: 84.2' to queue 'Smoker'.
2024-06-06 10:14:12,503.smoker_producer.WARNING Empty temperature value for Roast at 5/22/2024 12:20. Skipping.
2024-06-06 10:14:12,504.smoker_producer.WARNING Empty temperature value for Ribs at 5/22/2024 12:20. Skipping.
2024-06-06 10:14:22,516.smoker_producer.INFO  [x] Sent 'Time: 5/22/2024 12:20, Smoker: 84.2' to queue 'Smoker'.
2024-06-06 10:14:22,517.smoker_producer.WARNING Empty temperature value for Roast at 5/22/2024 12:20. Skipping.
2024-06-06 10:14:22,518.smoker_producer.WARNING Empty temperature value for Ribs at 5/22/2024 12:20. Skipping.
2024-06-06 10:14:32,528.smoker_producer.INFO  [x] Sent 'Time: 5/22/2024 12:21, Smoker: 87.6' to queue 'Smoker'.
2024-06-06 10:14:32,529.smoker_producer.WARNING Empty temperature value for Roast at 5/22/2024 12:21. Skipping.
2024-06-06 10:14:32,529.smoker_producer.WARNING Empty temperature value for Ribs at 5/22/2024 12:21. Skipping.
2024-06-06 10:14:42,538.smoker_producer.INFO  [x] Sent 'Time: 5/22/2024 12:21, Smoker: 87.6' to queue 'Smoker'.
2024-06-06 10:14:42,547.smoker_producer.INFO  [x] Sent 'Time: 5/22/2024 12:21, Roast: 67.0' to queue 'Roast'.
2024-06-06 10:14:42,548.smoker_producer.WARNING Empty temperature value for Ribs at 5/22/2024 12:21. Skipping.
2024-06-06 10:14:52,558.smoker_producer.INFO  [x] Sent 'Time: 5/22/2024 12:22, Smoker: 86.3' to queue 'Smoker'.
2024-06-06 10:14:52,565.smoker_producer.INFO  [x] Sent 'Time: 5/22/2024 12:22, Roast: 63.0' to queue 'Roast'.
2024-06-06 10:14:52,566.smoker_producer.WARNING Empty temperature value for Ribs at 5/22/2024 12:22. Skipping.
2024-06-06 10:15:02,605.smoker_producer.INFO  [x] Sent 'Time: 5/22/2024 12:22, Smoker: 86.3' to queue 'Smoker'.
2024-06-06 10:15:02,615.smoker_producer.INFO  [x] Sent 'Time: 5/22/2024 12:22, Roast: 63.0' to queue 'Roast'.
2024-06-06 10:15:02,616.smoker_producer.WARNING Empty temperature value for Ribs at 5/22/2024 12:22. Skipping.
2024-06-06 10:15:12,626.smoker_producer.INFO  [x] Sent 'Time: 5/22/2024 12:23, Smoker: 92.0' to queue 'Smoker'.
2024-06-06 10:15:12,635.smoker_producer.INFO  [x] Sent 'Time: 5/22/2024 12:23, Roast: 63.0' to queue 'Roast'.
2024-06-06 10:15:12,646.smoker_producer.INFO  [x] Sent 'Time: 5/22/2024 12:23, Ribs: 54.0' to queue 'Ribs'.
2024-06-06 10:15:22,681.smoker_producer.INFO  [x] Sent 'Time: 5/22/2024 12:23, Smoker: 92.0' to queue 'Smoker'.
2024-06-06 10:15:22,713.smoker_producer.INFO  [x] Sent 'Time: 5/22/2024 12:23, Roast: 63.0' to queue 'Roast'.
2024-06-06 10:15:22,744.smoker_producer.INFO  [x] Sent 'Time: 5/22/2024 12:23, Ribs: 53.0' to queue 'Ribs'.
2024-06-06 10:15:32,754.smoker_producer.INFO  [x] Sent 'Time: 5/22/2024 12:24, Smoker: 96.8' to queue 'Smoker'.
2024-06-06 10:15:32,763.smoker_producer.INFO  [x] Sent 'Time: 5/22/2024 12:24, Roast: 63.0' to queue 'Roast'.
2024-06-06 10:15:32,777.smoker_producer.INFO  [x] Sent 'Time: 5/22/2024 12:24, Ribs: 52.0' to queue 'Ribs'.
2024-06-06 10:15:42,789.smoker_producer.INFO  [x] Sent 'Time: 5/22/2024 12:24, Smoker: 36.8' to queue 'Smoker'.
2024-06-06 10:15:42,796.smoker_producer.INFO  [x] Sent 'Time: 5/22/2024 12:24, Roast: 62.0' to queue 'Roast'.
2024-06-06 10:15:42,809.smoker_producer.INFO  [x] Sent 'Time: 5/22/2024 12:24, Ribs: 52.0' to queue 'Ribs'.
2024-06-06 10:15:52,836.smoker_producer.INFO  [x] Sent 'Time: 5/22/2024 12:25, Smoker: 100.6' to queue 'Smoker'.
2024-06-06 10:15:52,846.smoker_producer.INFO  [x] Sent 'Time: 5/22/2024 12:25, Roast: 61.0' to queue 'Roast'.
2024-06-06 10:15:52,864.smoker_producer.INFO  [x] Sent 'Time: 5/22/2024 12:25, Ribs: 52.0' to queue 'Ribs'.
2024-06-06 10:16:02,875.smoker_producer.INFO  [x] Sent 'Time: 5/22/2024 12:25, Smoker: 100.9' to queue 'Smoker'.
2024-06-06 10:16:02,881.smoker_producer.INFO  [x] Sent 'Time: 5/22/2024 12:25, Roast: 60.0' to queue 'Roast'.
2024-06-06 10:16:02,893.smoker_producer.INFO  [x] Sent 'Time: 5/22/2024 12:25, Ribs: 52.0' to queue 'Ribs'.
2024-06-06 10:16:12,904.smoker_producer.INFO  [x] Sent 'Time: 5/22/2024 12:25, Smoker: 100.9' to queue 'Smoker'.
2024-06-06 10:16:12,911.smoker_producer.INFO  [x] Sent 'Time: 5/22/2024 12:25, Roast: 60.0' to queue 'Roast'.
2024-06-06 10:16:12,920.smoker_producer.INFO  [x] Sent 'Time: 5/22/2024 12:25, Ribs: 52.0' to queue 'Ribs'.
2024-06-06 10:16:22,930.smoker_producer.INFO  [x] Sent 'Time: 5/22/2024 12:26, Smoker: 104.8' to queue 'Smoker'.
2024-06-06 10:16:22,937.smoker_producer.INFO  [x] Sent 'Time: 5/22/2024 12:26, Roast: 60.0' to queue 'Roast'.
2024-06-06 10:16:22,945.smoker_producer.INFO  [x] Sent 'Time: 5/22/2024 12:26, Ribs: 52.0' to queue 'Ribs'.
2024-06-06 10:16:32,954.smoker_producer.INFO  [x] Sent 'Time: 5/22/2024 12:26, Smoker: 104.8' to queue 'Smoker'.
2024-06-06 10:16:32,959.smoker_producer.INFO  [x] Sent 'Time: 5/22/2024 12:26, Roast: 60.0' to queue 'Roast'.
2024-06-06 10:16:32,967.smoker_producer.INFO  [x] Sent 'Time: 5/22/2024 12:26, Ribs: 52.0' to queue 'Ribs'.
2024-06-06 10:16:42,979.smoker_producer.INFO  [x] Sent 'Time: 5/22/2024 12:27, Smoker: 108.2' to queue 'Smoker'.
2024-06-06 10:16:42,980.smoker_producer.WARNING Empty temperature value for Roast at 5/22/2024 12:27. Skipping.
2024-06-06 10:16:42,986.smoker_producer.INFO  [x] Sent 'Time: 5/22/2024 12:27, Ribs: 52.0' to queue 'Ribs'.
2024-06-06 10:16:52,994.smoker_producer.INFO  [x] Sent 'Time: 5/22/2024 12:27, Smoker: 108.2' to queue 'Smoker'.
2024-06-06 10:16:52,996.smoker_producer.WARNING Empty temperature value for Roast at 5/22/2024 12:27. Skipping.
2024-06-06 10:16:52,996.smoker_producer.WARNING Empty temperature value for Ribs at 5/22/2024 12:27. Skipping.
